<?xml version="1.0" encoding="UTF-8"?>
<!-- Generated by org.testng.reporters.JUnitReportReporter -->
<testsuite hostname="Abhishek" failures="0" tests="3" name="com.testing.Testing3" time="0.032" errors="0" timestamp="2020-01-17T15:04:07 EST" skipped="0">
  <testcase classname="com.testing.Testing3" name="homeTest" time="0.025"/>
  <testcase classname="com.testing.Testing3" name="maintest" time="0.005"/>
  <testcase classname="com.testing.Testing3" name="endtest" time="0.002"/>
</testsuite> <!-- com.testing.Testing3 -->
