<?xml version="1.0" encoding="UTF-8"?>
<!-- Generated by org.testng.reporters.JUnitReportReporter -->
<testsuite hostname="Abhishek" failures="0" tests="5" name="com.testing.Testing1" time="0.019" errors="0" timestamp="2020-01-17T15:04:07 EST" skipped="0">
  <testcase classname="com.testing.Testing1" name="f" time="0.010"/>
  <testcase classname="com.testing.Testing1" name="test3" time="0.003"/>
  <testcase classname="com.testing.Testing1" name="f" time="0.002"/>
  <testcase classname="com.testing.Testing1" name="test1" time="0.003"/>
  <testcase classname="com.testing.Testing1" name="test2" time="0.001"/>
</testsuite> <!-- com.testing.Testing1 -->
