<?xml version="1.0" encoding="UTF-8"?>
<!-- Generated by org.testng.reporters.JUnitReportReporter -->
<testsuite hostname="Abhishek" failures="0" tests="2" name="com.testing.Testing2" time="0.006" errors="0" timestamp="2020-01-17T15:04:07 EST" skipped="0">
  <testcase classname="com.testing.Testing2" name="test5" time="0.002"/>
  <testcase classname="com.testing.Testing2" name="test4" time="0.004"/>
</testsuite> <!-- com.testing.Testing2 -->
